Compiled jquery.js  (2ms)  (pid 30584)
Compiled jquery_ujs.js  (0ms)  (pid 30584)
Compiled prototype.js  (27ms)  (pid 30584)
Compiled sessions.js  (188ms)  (pid 30584)
Compiled surveys.js  (142ms)  (pid 30584)
Compiled users.js  (142ms)  (pid 30584)
Compiled application.js  (541ms)  (pid 30584)
Compiled sessions.css  (9ms)  (pid 30584)
Compiled style.css  (0ms)  (pid 30584)
Compiled surveys.css  (1ms)  (pid 30584)
Compiled users.css  (1ms)  (pid 30584)
Compiled application.css  (30ms)  (pid 30584)
Compiled jquery.js  (2ms)  (pid 30584)
Compiled jquery_ujs.js  (0ms)  (pid 30584)
Compiled prototype.js  (2ms)  (pid 30584)
Compiled sessions.js  (197ms)  (pid 30584)
Compiled surveys.js  (146ms)  (pid 30584)
Compiled users.js  (143ms)  (pid 30584)
Compiled application.js  (552ms)  (pid 30584)
Compiled sessions.css  (7ms)  (pid 30584)
Compiled style.css  (0ms)  (pid 30584)
Compiled surveys.css  (0ms)  (pid 30584)
Compiled users.css  (1ms)  (pid 30584)
Compiled application.css  (27ms)  (pid 30584)
